
AUTOMAP MODULE
==============

  Automap Status: Enabled
  Automap Coordinates: (X: -2) (Y: 7) (Z: 0)

  Automap Location: 1108663988 (Crypt, Stone Hallway)

    Last Visited .. Tue Jan  1 04:54:10 2013
    Coordinates ... (X: -2) (Y: 7) (Z: 0)
    Exits ......... 10
    Flags ......... 0
    Regen Index ... 0
    Session ....... 1

    Exit List:

      [ 1] ID: 0
           Direction: north
           Flags: 0

      [ 2] ID: 357546866 (Crypt, Stone Hallway)
           Last Visited: Tue Jan  1 04:52:23 2013
           Coordinates: (X: -1) (Y: 7) (Z: 0)
           Direction: east
           Flags: 0

  Automap Lost Index ...... 0
  Automap Session ......... 1
  Room Database Size ...... 22
  Movement Queue Size ..... 0
  Current Room Name ....... Crypt, Stone Hallway
  Last Key Used ........... none
  Last User Input ......... l z

  Obvious Exits ........... n e 
  Obvious Secrets ......... none
  Obvious Doors Open ...... none
  Obvious Doors Closed .... none
  Obvious Doors Unlocked .. none


AUTOROAM MODULE
===============

  AutoRoam Status: Disabled

  AutoRoam While Blind .... YES
  AutoRoam Using Doors .... NO
  AutoRoam Secret Exits ... NO
  AutoRoam Special Exits .. NO

  AutoRoam Exits: n s e w ne nw se sw 


COMBAT MODULE
=============

  Target ....... zombie
  Rounds ....... 4
  Sync Flag .... TRUE
  Force Break .. FALSE

  Monster Tracking:

    Count ...... 1
    Strongest .. 62
    Weakest .... 62
    Average .... 62

  Damage Tracking:

    To enemy .. 28
    To room ... 0
    Received .. 0

  Current Strategy: WeaponAttack

    Min Mon HP .... 0
    Min Monsters .. 0
    Min Mana ...... 0
    Min Tick ...... 0

    Target ........ Any
    Weapon ........ Any
    Spell ......... None
    Rounds ........ 9999
    Criteria ...... None
    Using Bash .... FALSE
    Using Smash ... FALSE
    Affects Room .. FALSE


COMMAND MODULE
==============

  Command Recalls:
    Current .. 0
    Total .... 1

  Last 10 Commands:

    [ 1] Attacking (a large zombie)
    [ 2] Resting
    [ 3] Resting
    [ 4] Targeting
    [ 5] Attacking (a big skeleton)
    [ 6] Attacking (a giant bat)
    [ 7] Targeting
    [ 8] Attacking (a nasty skeleton)
    [ 9] Targeting
    [10] Attacking (a fierce skeleton)


NAVIGATION MODULE
=================

  Current Destination: None
  Current Route: None

  Anchors Pending: None

  Collisions ... 0
  Steps Ran .... 0
  Flags ........ 0
  Room Dark .... NO
  NPC Present .. NO


TIMERS MODULE
=============

  Timer               sec/usec
  ----------------------------
  Castwait .......... 0/2
  Client AI ......... 0/144623
  Connect ........... 0/-3
  Database Update ... 0/700563
  Duration .......... 355/89398
  Idle .............. 3/231445
  MudPRO ............ 355/89394
  Online ............ 353/986184
  OSD Stats ......... 0/1
  Player Animation .. 0/1
  Recall ............ 0/1
  Refresh ........... 0/625
  Round ............. 3/231925
  Status ............ 0/700546
  Party Command ..... 9/808460

